Base path: 'D:/Unity/2019.4.22f1/Editor/Data', plugins path 'D:/Unity/2019.4.22f1/Editor/Data/PlaybackEngines'
Cmd: initializeCompiler
Cmd: compileComputeKernel
  api=4 insize=16414 outsize=10708 ok=1
Cmd: compileComputeKernel
  error: 1 plat 4 at ScreenSpaceReflections.compute(12): 'multi_compile' : unknown pragma ignored
  error: 1 plat 4 at ScreenSpaceReflections.compute(13): 'multi_compile' : unknown pragma ignored
  api=4 insize=29473 outsize=1903 ok=1
Cmd: compileComputeKernel
  api=4 insize=17122 outsize=7574 ok=1
Cmd: compileComputeKernel
  api=4 insize=1326 outsize=666 ok=1
Cmd: compileComputeKernel
  api=4 insize=3403 outsize=2186 ok=1
Cmd: compileComputeKernel
  api=4 insize=3403 outsize=2439 ok=1
Cmd: compileComputeKernel
  api=4 insize=14460 outsize=2101 ok=1
Cmd: compileComputeKernel
  api=4 insize=14460 outsize=686 ok=1
Cmd: compileComputeKernel
  api=4 insize=14460 outsize=685 ok=1
Cmd: compileComputeKernel
  api=4 insize=3627 outsize=4713 ok=1
Cmd: compileComputeKernel
  api=4 insize=13302 outsize=4339 ok=1
Cmd: compileComputeKernel
  api=4 insize=8345 outsize=984 ok=1
Cmd: compileComputeKernel
  api=4 insize=4347 outsize=1081 ok=1
Cmd: compileComputeKernel
  api=4 insize=4347 outsize=1184 ok=1
Cmd: compileComputeKernel
  api=4 insize=4347 outsize=713 ok=1
Cmd: compileComputeKernel
  api=4 insize=11001 outsize=2846 ok=1
Cmd: compileComputeKernel
  api=4 insize=3602 outsize=1615 ok=1
Cmd: compileComputeKernel
  api=4 insize=20794 outsize=8288 ok=1
Cmd: compileComputeKernel
  api=4 insize=5476 outsize=2767 ok=1
Cmd: compileComputeKernel
  api=4 insize=21845 outsize=1177 ok=1
Cmd: compileComputeKernel
  api=4 insize=21845 outsize=5165 ok=1
Cmd: compileComputeKernel
  api=4 insize=6026 outsize=3031 ok=1
Cmd: compileComputeKernel
  api=4 insize=14415 outsize=4082 ok=1
Cmd: compileComputeKernel
  api=4 insize=6140 outsize=1138 ok=1
Cmd: compileComputeKernel
  api=4 insize=6349 outsize=6053 ok=1
Cmd: compileComputeKernel
  api=4 insize=6349 outsize=6725 ok=1
Cmd: compileComputeKernel
  error: 1 plat 4 at Sort.compute(8): 'multi_compile' : unknown pragma ignored
  api=4 insize=9233 outsize=2791 ok=1
Cmd: compileComputeKernel
  api=4 insize=26371 outsize=13829 ok=1
Cmd: compileComputeKernel
  api=4 insize=26371 outsize=15481 ok=1
Cmd: compileComputeKernel
  api=4 insize=26371 outsize=15681 ok=1
Cmd: compileComputeKernel
  error: 1 plat 4 at Deferred.compute(35): 'multi_compile' : unknown pragma ignored
  error: 1 plat 4 at Deferred.compute(36): 'multi_compile' : unknown pragma ignored
  error: 1 plat 4 at Deferred.compute(38): 'multi_compile' : unknown pragma ignored
  error: 2 plat 4 at Packages/com.unity.render-pipelines.high-definition/Runtime/Lighting/Shadow/HDShadowAlgorithms.hlsl(27): "Undefined punctual shadow filter algorithm"
  api=4 insize=10807 outsize=0 ok=0
Cmd: compileComputeKernel
  error: 1 plat 4 at Deferred.compute(35): 'multi_compile' : unknown pragma ignored
  error: 1 plat 4 at Deferred.compute(36): 'multi_compile' : unknown pragma ignored
  error: 1 plat 4 at Deferred.compute(38): 'multi_compile' : unknown pragma ignored
  error: 2 plat 4 at Packages/com.unity.render-pipelines.high-definition/Runtime/Lighting/Shadow/HDShadowAlgorithms.hlsl(27): "Undefined punctual shadow filter algorithm"
  api=4 insize=10807 outsize=0 ok=0
Cmd: compileComputeKernel
  error: 1 plat 4 at Deferred.compute(35): 'multi_compile' : unknown pragma ignored
  error: 1 plat 4 at Deferred.compute(36): 'multi_compile' : unknown pragma ignored
  error: 1 plat 4 at Deferred.compute(38): 'multi_compile' : unknown pragma ignored
  error: 2 plat 4 at Packages/com.unity.render-pipelines.high-definition/Runtime/Lighting/Shadow/HDShadowAlgorithms.hlsl(27): "Undefined punctual shadow filter algorithm"
  api=4 insize=10807 outsize=0 ok=0
Cmd: compileComputeKernel
  error: 1 plat 4 at Deferred.compute(35): 'multi_compile' : unknown pragma ignored
  error: 1 plat 4 at Deferred.compute(36): 'multi_compile' : unknown pragma ignored
  error: 1 plat 4 at Deferred.compute(38): 'multi_compile' : unknown pragma ignored
  error: 2 plat 4 at Packages/com.unity.render-pipelines.high-definition/Runtime/Lighting/Shadow/HDShadowAlgorithms.hlsl(27): "Undefined punctual shadow filter algorithm"
  api=4 insize=10807 outsize=0 ok=0
Cmd: compileComputeKernel
  error: 1 plat 4 at Deferred.compute(35): 'multi_compile' : unknown pragma ignored
  error: 1 plat 4 at Deferred.compute(36): 'multi_compile' : unknown pragma ignored
  error: 1 plat 4 at Deferred.compute(38): 'multi_compile' : unknown pragma ignored
  error: 2 plat 4 at Packages/com.unity.render-pipelines.high-definition/Runtime/Lighting/Shadow/HDShadowAlgorithms.hlsl(27): "Undefined punctual shadow filter algorithm"
  api=4 insize=10807 outsize=0 ok=0
Cmd: compileComputeKernel
  error: 1 plat 4 at Deferred.compute(35): 'multi_compile' : unknown pragma ignored
  error: 1 plat 4 at Deferred.compute(36): 'multi_compile' : unknown pragma ignored
  error: 1 plat 4 at Deferred.compute(38): 'multi_compile' : unknown pragma ignored
  error: 2 plat 4 at Packages/com.unity.render-pipelines.high-definition/Runtime/Lighting/Shadow/HDShadowAlgorithms.hlsl(27): "Undefined punctual shadow filter algorithm"
  api=4 insize=10807 outsize=0 ok=0
Cmd: compileComputeKernel
  error: 1 plat 4 at Deferred.compute(35): 'multi_compile' : unknown pragma ignored
  error: 1 plat 4 at Deferred.compute(36): 'multi_compile' : unknown pragma ignored
  error: 1 plat 4 at Deferred.compute(38): 'multi_compile' : unknown pragma ignored
  error: 2 plat 4 at Packages/com.unity.render-pipelines.high-definition/Runtime/Lighting/Shadow/HDShadowAlgorithms.hlsl(27): "Undefined punctual shadow filter algorithm"
  api=4 insize=10807 outsize=0 ok=0
Cmd: compileComputeKernel
  error: 1 plat 4 at Deferred.compute(35): 'multi_compile' : unknown pragma ignored
  error: 1 plat 4 at Deferred.compute(36): 'multi_compile' : unknown pragma ignored
  error: 1 plat 4 at Deferred.compute(38): 'multi_compile' : unknown pragma ignored
  error: 2 plat 4 at Packages/com.unity.render-pipelines.high-definition/Runtime/Lighting/Shadow/HDShadowAlgorithms.hlsl(27): "Undefined punctual shadow filter algorithm"
  api=4 insize=10807 outsize=0 ok=0
Cmd: compileComputeKernel
  api=4 insize=9527 outsize=5897 ok=1
Cmd: compileComputeKernel
  api=4 insize=3615 outsize=3162 ok=1
Cmd: compileComputeKernel
  api=4 insize=5733 outsize=5009 ok=1
Cmd: compileComputeKernel
  api=4 insize=33306 outsize=3558 ok=1
Cmd: compileComputeKernel
  api=4 insize=33306 outsize=5713 ok=1
Cmd: compileComputeKernel
  api=4 insize=33306 outsize=859 ok=1
Cmd: compileComputeKernel
  api=4 insize=2598 outsize=757 ok=1
Cmd: compileComputeKernel
  api=4 insize=11912 outsize=953 ok=1
Cmd: compileComputeKernel
  api=4 insize=4765 outsize=1642 ok=1
Cmd: compileComputeKernel
  api=4 insize=10120 outsize=105128 ok=1
Cmd: compileComputeKernel
  api=4 insize=10327 outsize=7807 ok=1
Cmd: compileSnippet
  api=4 type=0 insize=2984 outsize=1306 kw= pd=UNITY_ENABLE_REFLECTION_BUFFERS UNITY_USE_DITHER_MASK_FOR_ALPHABLENDED_SHADOWS UNITY_PBS_USE_BRDF1 UNITY_SPECCUBE_BOX_PROJECTION UNITY_SPECCUBE_BLENDING UNITY_ENABLE_DETAIL_NORMALMAP SHADER_API_DESKTOP UNITY_COLORSPACE_GAMMA UNITY_LIGHT_PROBE_PROXY_VOLUME UNITY_LIGHTMAP_FULL_HDR ok=1
