Base path: 'D:/Unity/2019.4.22f1/Editor/Data', plugins path 'D:/Unity/2019.4.22f1/Editor/Data/PlaybackEngines'
Cmd: initializeCompiler
Cmd: compileComputeKernel
  api=4 insize=16414 outsize=8281 ok=1
Cmd: compileComputeKernel
  api=4 insize=6583 outsize=583 ok=1
Cmd: compileComputeKernel
  error: 1 plat 4 at ScreenSpaceReflections.compute(12): 'multi_compile' : unknown pragma ignored
  error: 1 plat 4 at ScreenSpaceReflections.compute(13): 'multi_compile' : unknown pragma ignored
  api=4 insize=29473 outsize=6917 ok=1
Cmd: compileComputeKernel
  api=4 insize=4415 outsize=3203 ok=1
Cmd: compileComputeKernel
  api=4 insize=2480 outsize=1166 ok=1
Cmd: compileComputeKernel
  api=4 insize=17122 outsize=8618 ok=1
Cmd: compileComputeKernel
  api=4 insize=3403 outsize=2273 ok=1
Cmd: compileComputeKernel
  api=4 insize=14460 outsize=4973 ok=1
Cmd: compileComputeKernel
  api=4 insize=14460 outsize=1128 ok=1
Cmd: compileComputeKernel
  api=4 insize=3627 outsize=4756 ok=1
Cmd: compileComputeKernel
  api=4 insize=854 outsize=578 ok=1
Cmd: compileComputeKernel
  api=4 insize=13302 outsize=4794 ok=1
Cmd: compileComputeKernel
  api=4 insize=13302 outsize=849 ok=1
Cmd: compileComputeKernel
  api=4 insize=8345 outsize=1015 ok=1
Cmd: compileComputeKernel
  api=4 insize=4347 outsize=1096 ok=1
Cmd: compileComputeKernel
  api=4 insize=4347 outsize=713 ok=1
Cmd: compileComputeKernel
  api=4 insize=4347 outsize=713 ok=1
Cmd: compileComputeKernel
  api=4 insize=2558 outsize=1049 ok=1
Cmd: compileComputeKernel
  api=4 insize=11001 outsize=3395 ok=1
Cmd: compileComputeKernel
  api=4 insize=11001 outsize=827 ok=1
Cmd: compileComputeKernel
  api=4 insize=2383 outsize=1007 ok=1
Cmd: compileComputeKernel
  api=4 insize=20794 outsize=5295 ok=1
Cmd: compileComputeKernel
  api=4 insize=20794 outsize=2278 ok=1
Cmd: compileComputeKernel
  api=4 insize=8888 outsize=6411 ok=1
Cmd: compileComputeKernel
  api=4 insize=5476 outsize=739 ok=1
Cmd: compileComputeKernel
  api=4 insize=5476 outsize=317 ok=1
Cmd: compileComputeKernel
  api=4 insize=21845 outsize=2349 ok=1
Cmd: compileComputeKernel
  api=4 insize=21845 outsize=694 ok=1
Cmd: compileComputeKernel
  api=4 insize=21845 outsize=1002 ok=1
Cmd: compileComputeKernel
  error: 1 plat 4 at DepthOfFieldGather.compute(10): 'multi_compile' : unknown pragma ignored
  error: 1 plat 4 at DepthOfFieldGather.compute(11): 'multi_compile' : unknown pragma ignored
  api=4 insize=5432 outsize=2179 ok=1
Cmd: compileComputeKernel
  api=4 insize=14415 outsize=7763 ok=1
Cmd: compileComputeKernel
  api=4 insize=8358 outsize=2100 ok=1
Cmd: compileComputeKernel
  api=4 insize=6349 outsize=6053 ok=1
Cmd: compileComputeKernel
  api=4 insize=6349 outsize=6725 ok=1
Cmd: compileComputeKernel
  error: 1 plat 4 at Sort.compute(8): 'multi_compile' : unknown pragma ignored
  api=4 insize=9233 outsize=2826 ok=1
Cmd: compileComputeKernel
  api=4 insize=26371 outsize=14979 ok=1
Cmd: compileComputeKernel
  api=4 insize=26371 outsize=15179 ok=1
Cmd: compileComputeKernel
  error: 1 plat 4 at Deferred.compute(35): 'multi_compile' : unknown pragma ignored
  error: 1 plat 4 at Deferred.compute(36): 'multi_compile' : unknown pragma ignored
  error: 1 plat 4 at Deferred.compute(38): 'multi_compile' : unknown pragma ignored
  error: 2 plat 4 at Packages/com.unity.render-pipelines.high-definition/Runtime/Lighting/Shadow/HDShadowAlgorithms.hlsl(27): "Undefined punctual shadow filter algorithm"
  api=4 insize=10807 outsize=0 ok=0
Cmd: compileComputeKernel
  error: 1 plat 4 at Deferred.compute(35): 'multi_compile' : unknown pragma ignored
  error: 1 plat 4 at Deferred.compute(36): 'multi_compile' : unknown pragma ignored
  error: 1 plat 4 at Deferred.compute(38): 'multi_compile' : unknown pragma ignored
  error: 2 plat 4 at Packages/com.unity.render-pipelines.high-definition/Runtime/Lighting/Shadow/HDShadowAlgorithms.hlsl(27): "Undefined punctual shadow filter algorithm"
  api=4 insize=10807 outsize=0 ok=0
Cmd: compileComputeKernel
  error: 1 plat 4 at Deferred.compute(35): 'multi_compile' : unknown pragma ignored
  error: 1 plat 4 at Deferred.compute(36): 'multi_compile' : unknown pragma ignored
  error: 1 plat 4 at Deferred.compute(38): 'multi_compile' : unknown pragma ignored
  error: 2 plat 4 at Packages/com.unity.render-pipelines.high-definition/Runtime/Lighting/Shadow/HDShadowAlgorithms.hlsl(27): "Undefined punctual shadow filter algorithm"
  api=4 insize=10807 outsize=0 ok=0
Cmd: compileComputeKernel
  error: 1 plat 4 at Deferred.compute(35): 'multi_compile' : unknown pragma ignored
  error: 1 plat 4 at Deferred.compute(36): 'multi_compile' : unknown pragma ignored
  error: 1 plat 4 at Deferred.compute(38): 'multi_compile' : unknown pragma ignored
  error: 2 plat 4 at Packages/com.unity.render-pipelines.high-definition/Runtime/Lighting/Shadow/HDShadowAlgorithms.hlsl(27): "Undefined punctual shadow filter algorithm"
  api=4 insize=10807 outsize=0 ok=0
Cmd: compileComputeKernel
  error: 1 plat 4 at Deferred.compute(35): 'multi_compile' : unknown pragma ignored
  error: 1 plat 4 at Deferred.compute(36): 'multi_compile' : unknown pragma ignored
  error: 1 plat 4 at Deferred.compute(38): 'multi_compile' : unknown pragma ignored
  error: 2 plat 4 at Packages/com.unity.render-pipelines.high-definition/Runtime/Lighting/Shadow/HDShadowAlgorithms.hlsl(27): "Undefined punctual shadow filter algorithm"
  api=4 insize=10807 outsize=0 ok=0
Cmd: compileComputeKernel
  error: 1 plat 4 at Deferred.compute(35): 'multi_compile' : unknown pragma ignored
  error: 1 plat 4 at Deferred.compute(36): 'multi_compile' : unknown pragma ignored
  error: 1 plat 4 at Deferred.compute(38): 'multi_compile' : unknown pragma ignored
  error: 2 plat 4 at Packages/com.unity.render-pipelines.high-definition/Runtime/Lighting/Shadow/HDShadowAlgorithms.hlsl(27): "Undefined punctual shadow filter algorithm"
  api=4 insize=10807 outsize=0 ok=0
Cmd: compileComputeKernel
  error: 1 plat 4 at Deferred.compute(35): 'multi_compile' : unknown pragma ignored
  error: 1 plat 4 at Deferred.compute(36): 'multi_compile' : unknown pragma ignored
  error: 1 plat 4 at Deferred.compute(38): 'multi_compile' : unknown pragma ignored
  error: 2 plat 4 at Packages/com.unity.render-pipelines.high-definition/Runtime/Lighting/Shadow/HDShadowAlgorithms.hlsl(27): "Undefined punctual shadow filter algorithm"
  api=4 insize=10807 outsize=0 ok=0
Cmd: compileComputeKernel
  error: 1 plat 4 at Deferred.compute(35): 'multi_compile' : unknown pragma ignored
  error: 1 plat 4 at Deferred.compute(36): 'multi_compile' : unknown pragma ignored
  error: 1 plat 4 at Deferred.compute(38): 'multi_compile' : unknown pragma ignored
  error: 2 plat 4 at Packages/com.unity.render-pipelines.high-definition/Runtime/Lighting/Shadow/HDShadowAlgorithms.hlsl(27): "Undefined punctual shadow filter algorithm"
  api=4 insize=10807 outsize=0 ok=0
Cmd: compileComputeKernel
  api=4 insize=9527 outsize=5897 ok=1
Cmd: compileComputeKernel
  api=4 insize=3615 outsize=1852 ok=1
Cmd: compileComputeKernel
  api=4 insize=33306 outsize=22559 ok=1
Cmd: compileComputeKernel
  api=4 insize=11912 outsize=1307 ok=1
Cmd: compileComputeKernel
  api=4 insize=1957 outsize=559 ok=1
Cmd: compileComputeKernel
  error: 1 plat 4 at ColorPyramid.compute(27): 'multi_compile' : unknown pragma ignored
  error: 1 plat 4 at ColorPyramid.compute(28): 'multi_compile' : unknown pragma ignored
  api=4 insize=6860 outsize=1117 ok=1
Cmd: compileComputeKernel
  api=4 insize=4765 outsize=1834 ok=1
Cmd: compileComputeKernel
  api=4 insize=10120 outsize=47194 ok=1
Cmd: compileComputeKernel
  api=4 insize=10327 outsize=1461 ok=1
Cmd: compileComputeKernel
  api=4 insize=10327 outsize=7642 ok=1
Cmd: compileComputeKernel
  api=4 insize=11046 outsize=1623 ok=1
Cmd: compileSnippet
  api=4 type=1 insize=2984 outsize=470 kw= pd=UNITY_ENABLE_REFLECTION_BUFFERS UNITY_USE_DITHER_MASK_FOR_ALPHABLENDED_SHADOWS UNITY_PBS_USE_BRDF1 UNITY_SPECCUBE_BOX_PROJECTION UNITY_SPECCUBE_BLENDING UNITY_ENABLE_DETAIL_NORMALMAP SHADER_API_DESKTOP UNITY_COLORSPACE_GAMMA UNITY_LIGHT_PROBE_PROXY_VOLUME UNITY_LIGHTMAP_FULL_HDR ok=1
